<?xml version="1.0" encoding="UTF-8"?>
<!-- Generated by org.testng.reporters.JUnitReportReporter -->
<testsuite hostname="DESKTOP-BK5B56E" failures="0" tests="1" name="pageObjectModel.LoginTest" time="5.119" errors="0" timestamp="2023-11-10T15:12:23 COT" skipped="0">
  <testcase classname="pageObjectModel.LoginTest" name="testLogin" time="5.119"/>
</testsuite> <!-- pageObjectModel.LoginTest -->
