<?xml version="1.0" encoding="UTF-8"?>
<!-- Generated by org.testng.reporters.JUnitReportReporter -->
<testsuite hostname="DESKTOP-BK5B56E" failures="0" tests="2" name="testNGII.AnnotationsDemo1" time="0.008" errors="0" timestamp="2023-11-06T12:20:08 COT" skipped="0">
  <testcase classname="testNGII.AnnotationsDemo1" name="search" time="0.006"/>
  <testcase classname="testNGII.AnnotationsDemo1" name="advancedSearch" time="0.002"/>
</testsuite> <!-- testNGII.AnnotationsDemo1 -->
