<?xml version="1.0" encoding="UTF-8"?>
<!-- Generated by org.testng.reporters.JUnitReportReporter -->
<testsuite hostname="DESKTOP-BK5B56E" failures="0" tests="3" name="testNG.secondTest" time="8.742" errors="0" timestamp="2023-11-06T11:13:27 COT" skipped="0">
  <testcase classname="testNG.secondTest" name="openApp" time="4.147"/>
  <testcase classname="testNG.secondTest" name="login" time="4.471"/>
  <testcase classname="testNG.secondTest" name="close" time="0.124"/>
</testsuite> <!-- testNG.secondTest -->
