<?xml version="1.0" encoding="UTF-8"?>
<!-- Generated by org.testng.reporters.JUnitReportReporter -->
<testsuite hostname="DESKTOP-BK5B56E" failures="0" tests="3" name="testNG.NopCommerceTests" time="4.028" errors="0" timestamp="2023-11-10T13:47:51 COT" skipped="0">
  <testcase classname="testNG.NopCommerceTests" name="testLogo" time="0.034"/>
  <testcase classname="testNG.NopCommerceTests" name="testLogin" time="3.002"/>
  <testcase classname="testNG.NopCommerceTests" name="testLogout" time="0.992"/>
</testsuite> <!-- testNG.NopCommerceTests -->
