<?xml version="1.0" encoding="UTF-8"?>
<!-- Generated by org.testng.reporters.JUnitReportReporter -->
<testsuite hostname="DESKTOP-BK5B56E" failures="0" tests="10" name="testNG.InvocationCountDemo" time="0.013" errors="0" timestamp="2023-11-07T14:02:06 COT" skipped="0">
  <testcase classname="testNG.InvocationCountDemo" name="test" time="0.001"/>
  <testcase classname="testNG.InvocationCountDemo" name="test" time="0.001"/>
  <testcase classname="testNG.InvocationCountDemo" name="test" time="0.001"/>
  <testcase classname="testNG.InvocationCountDemo" name="test" time="0.000"/>
  <testcase classname="testNG.InvocationCountDemo" name="test" time="0.006"/>
  <testcase classname="testNG.InvocationCountDemo" name="test" time="0.001"/>
  <testcase classname="testNG.InvocationCountDemo" name="test" time="0.001"/>
  <testcase classname="testNG.InvocationCountDemo" name="test" time="0.001"/>
  <testcase classname="testNG.InvocationCountDemo" name="test" time="0.000"/>
  <testcase classname="testNG.InvocationCountDemo" name="test" time="0.001"/>
</testsuite> <!-- testNG.InvocationCountDemo -->
