<?xml version="1.0" encoding="UTF-8"?>
<!-- Generated by org.testng.reporters.JUnitReportReporter -->
<testsuite hostname="DESKTOP-BK5B56E" failures="0" tests="2" name="practiceAnnotations.practiceAnnotantions2" time="0.001" errors="0" timestamp="2023-11-06T14:37:40 COT" skipped="0">
  <testcase classname="practiceAnnotations.practiceAnnotantions2" name="t2" time="0.000"/>
  <testcase classname="practiceAnnotations.practiceAnnotantions2" name="t1" time="0.001"/>
</testsuite> <!-- practiceAnnotations.practiceAnnotantions2 -->
