<?xml version="1.0" encoding="UTF-8"?>
<!-- Generated by org.testng.reporters.JUnitReportReporter -->
<testsuite hostname="DESKTOP-BK5B56E" failures="0" tests="2" name="Annotations.Class1" time="0.005" errors="0" timestamp="2023-11-06T14:12:11 COT" skipped="0">
  <testcase classname="Annotations.Class1" name="abc" time="0.004"/>
  <testcase classname="Annotations.Class1" name="abc" time="0.001"/>
</testsuite> <!-- Annotations.Class1 -->
