<?xml version="1.0" encoding="UTF-8"?>
<!-- Generated by org.testng.reporters.JUnitReportReporter -->
<testsuite hostname="DESKTOP-BK5B56E" failures="0" tests="3" name="testListener.MyTest" time="0.007" errors="0" timestamp="2023-11-08T14:05:58 COT" skipped="0">
  <testcase classname="testListener.MyTest" name="Test1" time="0.005"/>
  <testcase classname="testListener.MyTest" name="Test2" time="0.001"/>
  <testcase classname="testListener.MyTest" name="Test3" time="0.001"/>
</testsuite> <!-- testListener.MyTest -->
