<?xml version="1.0" encoding="UTF-8"?>
<!-- Generated by org.testng.reporters.JUnitReportReporter -->
<testsuite hostname="DESKTOP-BK5B56E" failures="0" tests="4" name="testNG.ParanTesting" time="0.068" errors="0" timestamp="2023-11-07T19:20:43 COT" skipped="0">
  <testcase classname="testNG.ParanTesting" name="testLogo" time="0.029"/>
  <testcase classname="testNG.ParanTesting" name="testLogo" time="0.029"/>
  <testcase classname="testNG.ParanTesting" name="testHomePageTitle" time="0.005"/>
  <testcase classname="testNG.ParanTesting" name="testHomePageTitle" time="0.005"/>
</testsuite> <!-- testNG.ParanTesting -->
