<?xml version="1.0" encoding="UTF-8"?>
<!-- Generated by org.testng.reporters.JUnitReportReporter -->
<testsuite hostname="DESKTOP-BK5B56E" failures="0" tests="3" name="testNG.firsTest" time="0.003" errors="0" timestamp="2023-11-06T11:13:27 COT" skipped="0">
  <testcase classname="testNG.firsTest" name="test2" time="0.001"/>
  <testcase classname="testNG.firsTest" name="test3" time="0.001"/>
  <testcase classname="testNG.firsTest" name="test1" time="0.001"/>
</testsuite> <!-- testNG.firsTest -->
