<?xml version="1.0" encoding="UTF-8"?>
<!-- Generated by org.testng.reporters.JUnitReportReporter -->
<testsuite hostname="DESKTOP-BK5B56E" failures="0" tests="2" name="testNG.grouping" time="0.005" errors="0" timestamp="2023-11-07T09:33:16 COT" skipped="0">
  <testcase classname="testNG.grouping" name="login" time="0.004"/>
  <testcase classname="testNG.grouping" name="loginByGmail" time="0.001"/>
</testsuite> <!-- testNG.grouping -->
