<?xml version="1.0" encoding="UTF-8"?>
<!-- Generated by org.testng.reporters.JUnitReportReporter -->
<testsuite hostname="DESKTOP-BK5B56E" failures="0" tests="2" name="testNGII.AnnotationsDemo2" time="0.004" errors="0" timestamp="2023-11-06T12:26:27 COT" skipped="0">
  <testcase classname="testNGII.AnnotationsDemo2" name="search" time="0.003"/>
  <testcase classname="testNGII.AnnotationsDemo2" name="advancedSearch" time="0.001"/>
</testsuite> <!-- testNGII.AnnotationsDemo2 -->
